[error] Failed to fetch Firebase Project from Studio Workspace because WORKSPACE_SLUG environment variable is empty
[error] Failed to fetch Firebase Project from Studio Workspace because WORKSPACE_SLUG environment variable is empty
[error] Failed to fetch Firebase Project from Studio Workspace because WORKSPACE_SLUG environment variable is empty
[error] Failed to fetch Firebase Project from Studio Workspace because WORKSPACE_SLUG environment variable is empty
[debug] [2025-10-24T04:00:53.967Z] > command requires scopes: ["email","openid","https://www.googleapis.com/auth/cloudplatformprojects.readonly","https://www.googleapis.com/auth/firebase","https://www.googleapis.com/auth/cloud-platform","https://www.googleapis.com/auth/userinfo.email"]
[debug] [2025-10-24T04:00:53.969Z] > authorizing via signed-in user (jerezcode.es@gmail.com)
[debug] [2025-10-24T04:00:53.984Z] Checked if tokens are valid: false, expires at: 1761274130408
[debug] [2025-10-24T04:00:53.985Z] Checked if tokens are valid: false, expires at: 1761274130408
[debug] [2025-10-24T04:00:53.986Z] > refreshing access token with scopes: []
[debug] [2025-10-24T04:00:53.990Z] >>> [apiv2][query] POST https://www.googleapis.com/oauth2/v3/token [none]
[debug] [2025-10-24T04:00:53.990Z] >>> [apiv2][body] POST https://www.googleapis.com/oauth2/v3/token [omitted]
[debug] [2025-10-24T04:00:54.019Z] Checked if tokens are valid: false, expires at: 1761274130408
[debug] [2025-10-24T04:00:54.021Z] Checked if tokens are valid: false, expires at: 1761274130408
[debug] [2025-10-24T04:00:54.022Z] > refreshing access token with scopes: []
[debug] [2025-10-24T04:00:54.022Z] >>> [apiv2][query] POST https://www.googleapis.com/oauth2/v3/token [none]
[debug] [2025-10-24T04:00:54.023Z] >>> [apiv2][body] POST https://www.googleapis.com/oauth2/v3/token [omitted]
[debug] [2025-10-24T04:00:54.032Z] Checked if tokens are valid: false, expires at: 1761274130408
[debug] [2025-10-24T04:00:54.032Z] Checked if tokens are valid: false, expires at: 1761274130408
[debug] [2025-10-24T04:00:54.033Z] > refreshing access token with scopes: []
[debug] [2025-10-24T04:00:54.034Z] >>> [apiv2][query] POST https://www.googleapis.com/oauth2/v3/token [none]
[debug] [2025-10-24T04:00:54.034Z] >>> [apiv2][body] POST https://www.googleapis.com/oauth2/v3/token [omitted]
[debug] [2025-10-24T04:00:54.037Z] > command requires scopes: ["email","openid","https://www.googleapis.com/auth/cloudplatformprojects.readonly","https://www.googleapis.com/auth/firebase","https://www.googleapis.com/auth/cloud-platform","https://www.googleapis.com/auth/userinfo.email"]
[debug] [2025-10-24T04:00:54.037Z] > authorizing via signed-in user (jerezcode.es@gmail.com)
[debug] [2025-10-24T04:00:54.039Z] Checked if tokens are valid: false, expires at: 1761274130408
[debug] [2025-10-24T04:00:54.039Z] Checked if tokens are valid: false, expires at: 1761274130408
[debug] [2025-10-24T04:00:54.039Z] > refreshing access token with scopes: []
[debug] [2025-10-24T04:00:54.040Z] >>> [apiv2][query] POST https://www.googleapis.com/oauth2/v3/token [none]
[debug] [2025-10-24T04:00:54.040Z] >>> [apiv2][body] POST https://www.googleapis.com/oauth2/v3/token [omitted]
[debug] [2025-10-24T04:00:54.046Z] Checked if tokens are valid: false, expires at: 1761274130408
[debug] [2025-10-24T04:00:54.046Z] Checked if tokens are valid: false, expires at: 1761274130408
[debug] [2025-10-24T04:00:54.046Z] > refreshing access token with scopes: []
[debug] [2025-10-24T04:00:54.048Z] >>> [apiv2][query] POST https://www.googleapis.com/oauth2/v3/token [none]
[debug] [2025-10-24T04:00:54.049Z] >>> [apiv2][body] POST https://www.googleapis.com/oauth2/v3/token [omitted]
[debug] [2025-10-24T04:00:54.056Z] Checked if tokens are valid: false, expires at: 1761274130408
[debug] [2025-10-24T04:00:54.058Z] Checked if tokens are valid: false, expires at: 1761274130408
[debug] [2025-10-24T04:00:54.058Z] > refreshing access token with scopes: []
[debug] [2025-10-24T04:00:54.058Z] >>> [apiv2][query] POST https://www.googleapis.com/oauth2/v3/token [none]
[debug] [2025-10-24T04:00:54.058Z] >>> [apiv2][body] POST https://www.googleapis.com/oauth2/v3/token [omitted]
[debug] [2025-10-24T04:00:54.293Z] <<< [apiv2][status] POST https://www.googleapis.com/oauth2/v3/token 200
[debug] [2025-10-24T04:00:54.293Z] <<< [apiv2][body] POST https://www.googleapis.com/oauth2/v3/token [omitted]
[debug] [2025-10-24T04:00:54.331Z] >>> [apiv2][query] GET https://serviceusage.googleapis.com/v1/projects/ai-postcare/services/firebaseapphosting.googleapis.com [none]
[debug] [2025-10-24T04:00:54.332Z] >>> [apiv2][(partial)header] GET https://serviceusage.googleapis.com/v1/projects/ai-postcare/services/firebaseapphosting.googleapis.com x-goog-quota-user=projects/ai-postcare
[debug] [2025-10-24T04:00:54.371Z] <<< [apiv2][status] POST https://www.googleapis.com/oauth2/v3/token 200
[debug] [2025-10-24T04:00:54.372Z] <<< [apiv2][body] POST https://www.googleapis.com/oauth2/v3/token [omitted]
[debug] [2025-10-24T04:00:54.402Z] >>> [apiv2][query] GET https://serviceusage.googleapis.com/v1/projects/ai-postcare/services/firebasedataconnect.googleapis.com [none]
[debug] [2025-10-24T04:00:54.402Z] >>> [apiv2][(partial)header] GET https://serviceusage.googleapis.com/v1/projects/ai-postcare/services/firebasedataconnect.googleapis.com x-goog-quota-user=projects/ai-postcare
[debug] [2025-10-24T04:00:54.479Z] <<< [apiv2][status] POST https://www.googleapis.com/oauth2/v3/token 200
[debug] [2025-10-24T04:00:54.480Z] <<< [apiv2][body] POST https://www.googleapis.com/oauth2/v3/token [omitted]
[debug] [2025-10-24T04:00:54.500Z] >>> [apiv2][query] GET https://serviceusage.googleapis.com/v1/projects/ai-postcare/services/firebasedataconnect.googleapis.com [none]
[debug] [2025-10-24T04:00:54.500Z] >>> [apiv2][(partial)header] GET https://serviceusage.googleapis.com/v1/projects/ai-postcare/services/firebasedataconnect.googleapis.com x-goog-quota-user=projects/ai-postcare
[debug] [2025-10-24T04:00:54.512Z] <<< [apiv2][status] POST https://www.googleapis.com/oauth2/v3/token 200
[debug] [2025-10-24T04:00:54.512Z] <<< [apiv2][body] POST https://www.googleapis.com/oauth2/v3/token [omitted]
[debug] [2025-10-24T04:00:54.530Z] >>> [apiv2][query] GET https://serviceusage.googleapis.com/v1/projects/ai-postcare/services/firebaseio.com [none]
[debug] [2025-10-24T04:00:54.531Z] >>> [apiv2][(partial)header] GET https://serviceusage.googleapis.com/v1/projects/ai-postcare/services/firebaseio.com x-goog-quota-user=projects/ai-postcare
[debug] [2025-10-24T04:00:54.568Z] <<< [apiv2][status] POST https://www.googleapis.com/oauth2/v3/token 200
[debug] [2025-10-24T04:00:54.568Z] <<< [apiv2][body] POST https://www.googleapis.com/oauth2/v3/token [omitted]
[debug] [2025-10-24T04:00:54.590Z] >>> [apiv2][query] GET https://serviceusage.googleapis.com/v1/projects/ai-postcare/services/firebaseio.com [none]
[debug] [2025-10-24T04:00:54.590Z] >>> [apiv2][(partial)header] GET https://serviceusage.googleapis.com/v1/projects/ai-postcare/services/firebaseio.com x-goog-quota-user=projects/ai-postcare
[debug] [2025-10-24T04:00:54.680Z] <<< [apiv2][status] POST https://www.googleapis.com/oauth2/v3/token 200
[debug] [2025-10-24T04:00:54.680Z] <<< [apiv2][body] POST https://www.googleapis.com/oauth2/v3/token [omitted]
[debug] [2025-10-24T04:00:54.699Z] >>> [apiv2][query] GET https://serviceusage.googleapis.com/v1/projects/ai-postcare/services/firebaseapphosting.googleapis.com [none]
[debug] [2025-10-24T04:00:54.700Z] >>> [apiv2][(partial)header] GET https://serviceusage.googleapis.com/v1/projects/ai-postcare/services/firebaseapphosting.googleapis.com x-goog-quota-user=projects/ai-postcare
[debug] [2025-10-24T04:00:55.206Z] <<< [apiv2][status] GET https://serviceusage.googleapis.com/v1/projects/ai-postcare/services/firebaseapphosting.googleapis.com 200
[debug] [2025-10-24T04:00:55.206Z] <<< [apiv2][body] GET https://serviceusage.googleapis.com/v1/projects/ai-postcare/services/firebaseapphosting.googleapis.com [omitted]
[debug] [2025-10-24T04:00:55.231Z] <<< [apiv2][status] GET https://serviceusage.googleapis.com/v1/projects/ai-postcare/services/firebasedataconnect.googleapis.com 200
[debug] [2025-10-24T04:00:55.231Z] <<< [apiv2][body] GET https://serviceusage.googleapis.com/v1/projects/ai-postcare/services/firebasedataconnect.googleapis.com [omitted]
[debug] [2025-10-24T04:00:55.259Z] <<< [apiv2][status] GET https://serviceusage.googleapis.com/v1/projects/ai-postcare/services/firebaseio.com 403
[debug] [2025-10-24T04:00:55.259Z] <<< [apiv2][body] GET https://serviceusage.googleapis.com/v1/projects/ai-postcare/services/firebaseio.com [omitted]
[debug] [2025-10-24T04:00:55.292Z] <<< [apiv2][status] GET https://serviceusage.googleapis.com/v1/projects/ai-postcare/services/firebaseio.com 403
[debug] [2025-10-24T04:00:55.295Z] <<< [apiv2][body] GET https://serviceusage.googleapis.com/v1/projects/ai-postcare/services/firebaseio.com [omitted]
[error] Failed to fetch Firebase Project from Studio Workspace because WORKSPACE_SLUG environment variable is empty
[error] Failed to fetch Firebase Project from Studio Workspace because WORKSPACE_SLUG environment variable is empty
[error] Failed to fetch Firebase Project from Studio Workspace because WORKSPACE_SLUG environment variable is empty
[debug] [2025-10-24T04:00:55.329Z] > command requires scopes: ["email","openid","https://www.googleapis.com/auth/cloudplatformprojects.readonly","https://www.googleapis.com/auth/firebase","https://www.googleapis.com/auth/cloud-platform","https://www.googleapis.com/auth/userinfo.email"]
[debug] [2025-10-24T04:00:55.335Z] > authorizing via signed-in user (jerezcode.es@gmail.com)
[error] Failed to fetch Firebase Project from Studio Workspace because WORKSPACE_SLUG environment variable is empty
[debug] [2025-10-24T04:00:55.348Z] > command requires scopes: ["email","openid","https://www.googleapis.com/auth/cloudplatformprojects.readonly","https://www.googleapis.com/auth/firebase","https://www.googleapis.com/auth/cloud-platform","https://www.googleapis.com/auth/userinfo.email"]
[debug] [2025-10-24T04:00:55.348Z] > authorizing via signed-in user (jerezcode.es@gmail.com)
[error] Failed to fetch Firebase Project from Studio Workspace because WORKSPACE_SLUG environment variable is empty
[error] Failed to fetch Firebase Project from Studio Workspace because WORKSPACE_SLUG environment variable is empty
[error] Failed to fetch Firebase Project from Studio Workspace because WORKSPACE_SLUG environment variable is empty
[error] Failed to fetch Firebase Project from Studio Workspace because WORKSPACE_SLUG environment variable is empty
[debug] [2025-10-24T04:00:55.429Z] > command requires scopes: ["email","openid","https://www.googleapis.com/auth/cloudplatformprojects.readonly","https://www.googleapis.com/auth/firebase","https://www.googleapis.com/auth/cloud-platform","https://www.googleapis.com/auth/userinfo.email"]
[debug] [2025-10-24T04:00:55.429Z] > authorizing via signed-in user (jerezcode.es@gmail.com)
[error] Failed to fetch Firebase Project from Studio Workspace because WORKSPACE_SLUG environment variable is empty
[debug] [2025-10-24T04:00:55.436Z] > command requires scopes: ["email","openid","https://www.googleapis.com/auth/cloudplatformprojects.readonly","https://www.googleapis.com/auth/firebase","https://www.googleapis.com/auth/cloud-platform","https://www.googleapis.com/auth/userinfo.email"]
[debug] [2025-10-24T04:00:55.436Z] > authorizing via signed-in user (jerezcode.es@gmail.com)
[error] Failed to fetch Firebase Project from Studio Workspace because WORKSPACE_SLUG environment variable is empty
[error] Failed to fetch Firebase Project from Studio Workspace because WORKSPACE_SLUG environment variable is empty
[debug] [2025-10-24T04:00:55.467Z] > command requires scopes: ["email","openid","https://www.googleapis.com/auth/cloudplatformprojects.readonly","https://www.googleapis.com/auth/firebase","https://www.googleapis.com/auth/cloud-platform","https://www.googleapis.com/auth/userinfo.email"]
[debug] [2025-10-24T04:00:55.471Z] > authorizing via signed-in user (jerezcode.es@gmail.com)
[error] Failed to fetch Firebase Project from Studio Workspace because WORKSPACE_SLUG environment variable is empty
[debug] [2025-10-24T04:00:55.481Z] > command requires scopes: ["email","openid","https://www.googleapis.com/auth/cloudplatformprojects.readonly","https://www.googleapis.com/auth/firebase","https://www.googleapis.com/auth/cloud-platform","https://www.googleapis.com/auth/userinfo.email"]
[debug] [2025-10-24T04:00:55.481Z] > authorizing via signed-in user (jerezcode.es@gmail.com)
[debug] [2025-10-24T04:00:55.514Z] <<< [apiv2][status] GET https://serviceusage.googleapis.com/v1/projects/ai-postcare/services/firebaseapphosting.googleapis.com 200
[debug] [2025-10-24T04:00:55.515Z] <<< [apiv2][body] GET https://serviceusage.googleapis.com/v1/projects/ai-postcare/services/firebaseapphosting.googleapis.com [omitted]
[debug] [2025-10-24T04:00:55.540Z] <<< [apiv2][status] GET https://serviceusage.googleapis.com/v1/projects/ai-postcare/services/firebasedataconnect.googleapis.com 200
[debug] [2025-10-24T04:00:55.541Z] <<< [apiv2][body] GET https://serviceusage.googleapis.com/v1/projects/ai-postcare/services/firebasedataconnect.googleapis.com [omitted]
[error] Failed to fetch Firebase Project from Studio Workspace because WORKSPACE_SLUG environment variable is empty
[error] Failed to fetch Firebase Project from Studio Workspace because WORKSPACE_SLUG environment variable is empty
[error] Failed to fetch Firebase Project from Studio Workspace because WORKSPACE_SLUG environment variable is empty
[error] Failed to fetch Firebase Project from Studio Workspace because WORKSPACE_SLUG environment variable is empty
[debug] [2025-10-24T08:37:00.518Z] > command requires scopes: ["email","openid","https://www.googleapis.com/auth/cloudplatformprojects.readonly","https://www.googleapis.com/auth/firebase","https://www.googleapis.com/auth/cloud-platform","https://www.googleapis.com/auth/userinfo.email"]
[debug] [2025-10-24T08:37:00.519Z] > authorizing via signed-in user (jerezcode.es@gmail.com)
[debug] [2025-10-24T08:37:00.539Z] Checked if tokens are valid: false, expires at: 1761282053680
[debug] [2025-10-24T08:37:00.540Z] Checked if tokens are valid: false, expires at: 1761282053680
[debug] [2025-10-24T08:37:00.541Z] > refreshing access token with scopes: []
[debug] [2025-10-24T08:37:00.544Z] >>> [apiv2][query] POST https://www.googleapis.com/oauth2/v3/token [none]
[debug] [2025-10-24T08:37:00.544Z] >>> [apiv2][body] POST https://www.googleapis.com/oauth2/v3/token [omitted]
[debug] [2025-10-24T08:37:00.561Z] Checked if tokens are valid: false, expires at: 1761282053680
[debug] [2025-10-24T08:37:00.561Z] Checked if tokens are valid: false, expires at: 1761282053680
[debug] [2025-10-24T08:37:00.562Z] > refreshing access token with scopes: []
[debug] [2025-10-24T08:37:00.563Z] >>> [apiv2][query] POST https://www.googleapis.com/oauth2/v3/token [none]
[debug] [2025-10-24T08:37:00.563Z] >>> [apiv2][body] POST https://www.googleapis.com/oauth2/v3/token [omitted]
[debug] [2025-10-24T08:37:00.573Z] Checked if tokens are valid: false, expires at: 1761282053680
[debug] [2025-10-24T08:37:00.574Z] Checked if tokens are valid: false, expires at: 1761282053680
[debug] [2025-10-24T08:37:00.574Z] > refreshing access token with scopes: []
[debug] [2025-10-24T08:37:00.576Z] >>> [apiv2][query] POST https://www.googleapis.com/oauth2/v3/token [none]
[debug] [2025-10-24T08:37:00.576Z] >>> [apiv2][body] POST https://www.googleapis.com/oauth2/v3/token [omitted]
[debug] [2025-10-24T08:37:00.579Z] > command requires scopes: ["email","openid","https://www.googleapis.com/auth/cloudplatformprojects.readonly","https://www.googleapis.com/auth/firebase","https://www.googleapis.com/auth/cloud-platform","https://www.googleapis.com/auth/userinfo.email"]
[debug] [2025-10-24T08:37:00.580Z] > authorizing via signed-in user (jerezcode.es@gmail.com)
[debug] [2025-10-24T08:37:00.582Z] Checked if tokens are valid: false, expires at: 1761282053680
[debug] [2025-10-24T08:37:00.583Z] Checked if tokens are valid: false, expires at: 1761282053680
[debug] [2025-10-24T08:37:00.584Z] > refreshing access token with scopes: []
[debug] [2025-10-24T08:37:00.585Z] >>> [apiv2][query] POST https://www.googleapis.com/oauth2/v3/token [none]
[debug] [2025-10-24T08:37:00.585Z] >>> [apiv2][body] POST https://www.googleapis.com/oauth2/v3/token [omitted]
[debug] [2025-10-24T08:37:00.592Z] Checked if tokens are valid: false, expires at: 1761282053680
[debug] [2025-10-24T08:37:00.593Z] Checked if tokens are valid: false, expires at: 1761282053680
[debug] [2025-10-24T08:37:00.593Z] > refreshing access token with scopes: []
[debug] [2025-10-24T08:37:00.593Z] >>> [apiv2][query] POST https://www.googleapis.com/oauth2/v3/token [none]
[debug] [2025-10-24T08:37:00.593Z] >>> [apiv2][body] POST https://www.googleapis.com/oauth2/v3/token [omitted]
[debug] [2025-10-24T08:37:00.597Z] Checked if tokens are valid: false, expires at: 1761282053680
[debug] [2025-10-24T08:37:00.598Z] Checked if tokens are valid: false, expires at: 1761282053680
[debug] [2025-10-24T08:37:00.598Z] > refreshing access token with scopes: []
[debug] [2025-10-24T08:37:00.598Z] >>> [apiv2][query] POST https://www.googleapis.com/oauth2/v3/token [none]
[debug] [2025-10-24T08:37:00.599Z] >>> [apiv2][body] POST https://www.googleapis.com/oauth2/v3/token [omitted]
[debug] [2025-10-24T08:37:00.742Z] <<< [apiv2][status] POST https://www.googleapis.com/oauth2/v3/token 200
[debug] [2025-10-24T08:37:00.744Z] <<< [apiv2][body] POST https://www.googleapis.com/oauth2/v3/token [omitted]
[debug] [2025-10-24T08:37:00.793Z] >>> [apiv2][query] GET https://serviceusage.googleapis.com/v1/projects/ai-postcare/services/firebaseapphosting.googleapis.com [none]
[debug] [2025-10-24T08:37:00.793Z] >>> [apiv2][(partial)header] GET https://serviceusage.googleapis.com/v1/projects/ai-postcare/services/firebaseapphosting.googleapis.com x-goog-quota-user=projects/ai-postcare
[debug] [2025-10-24T08:37:00.831Z] <<< [apiv2][status] POST https://www.googleapis.com/oauth2/v3/token 200
[debug] [2025-10-24T08:37:00.836Z] <<< [apiv2][body] POST https://www.googleapis.com/oauth2/v3/token [omitted]
[debug] [2025-10-24T08:37:00.860Z] >>> [apiv2][query] GET https://serviceusage.googleapis.com/v1/projects/ai-postcare/services/firebasedataconnect.googleapis.com [none]
[debug] [2025-10-24T08:37:00.860Z] >>> [apiv2][(partial)header] GET https://serviceusage.googleapis.com/v1/projects/ai-postcare/services/firebasedataconnect.googleapis.com x-goog-quota-user=projects/ai-postcare
[debug] [2025-10-24T08:37:00.863Z] <<< [apiv2][status] POST https://www.googleapis.com/oauth2/v3/token 200
[debug] [2025-10-24T08:37:00.864Z] <<< [apiv2][body] POST https://www.googleapis.com/oauth2/v3/token [omitted]
[debug] [2025-10-24T08:37:00.883Z] >>> [apiv2][query] GET https://serviceusage.googleapis.com/v1/projects/ai-postcare/services/firebaseio.com [none]
[debug] [2025-10-24T08:37:00.883Z] >>> [apiv2][(partial)header] GET https://serviceusage.googleapis.com/v1/projects/ai-postcare/services/firebaseio.com x-goog-quota-user=projects/ai-postcare
[debug] [2025-10-24T08:37:00.935Z] <<< [apiv2][status] POST https://www.googleapis.com/oauth2/v3/token 200
[debug] [2025-10-24T08:37:00.935Z] <<< [apiv2][body] POST https://www.googleapis.com/oauth2/v3/token [omitted]
[debug] [2025-10-24T08:37:00.961Z] >>> [apiv2][query] GET https://serviceusage.googleapis.com/v1/projects/ai-postcare/services/firebaseapphosting.googleapis.com [none]
[debug] [2025-10-24T08:37:00.961Z] >>> [apiv2][(partial)header] GET https://serviceusage.googleapis.com/v1/projects/ai-postcare/services/firebaseapphosting.googleapis.com x-goog-quota-user=projects/ai-postcare
[debug] [2025-10-24T08:37:00.977Z] <<< [apiv2][status] POST https://www.googleapis.com/oauth2/v3/token 200
[debug] [2025-10-24T08:37:00.977Z] <<< [apiv2][body] POST https://www.googleapis.com/oauth2/v3/token [omitted]
[debug] [2025-10-24T08:37:01.002Z] >>> [apiv2][query] GET https://serviceusage.googleapis.com/v1/projects/ai-postcare/services/firebasedataconnect.googleapis.com [none]
[debug] [2025-10-24T08:37:01.002Z] >>> [apiv2][(partial)header] GET https://serviceusage.googleapis.com/v1/projects/ai-postcare/services/firebasedataconnect.googleapis.com x-goog-quota-user=projects/ai-postcare
[debug] [2025-10-24T08:37:01.056Z] <<< [apiv2][status] POST https://www.googleapis.com/oauth2/v3/token 200
[debug] [2025-10-24T08:37:01.056Z] <<< [apiv2][body] POST https://www.googleapis.com/oauth2/v3/token [omitted]
[debug] [2025-10-24T08:37:01.078Z] >>> [apiv2][query] GET https://serviceusage.googleapis.com/v1/projects/ai-postcare/services/firebaseio.com [none]
[debug] [2025-10-24T08:37:01.079Z] >>> [apiv2][(partial)header] GET https://serviceusage.googleapis.com/v1/projects/ai-postcare/services/firebaseio.com x-goog-quota-user=projects/ai-postcare
[debug] [2025-10-24T08:37:01.569Z] <<< [apiv2][status] GET https://serviceusage.googleapis.com/v1/projects/ai-postcare/services/firebaseapphosting.googleapis.com 200
[debug] [2025-10-24T08:37:01.569Z] <<< [apiv2][body] GET https://serviceusage.googleapis.com/v1/projects/ai-postcare/services/firebaseapphosting.googleapis.com [omitted]
[debug] [2025-10-24T08:37:01.589Z] <<< [apiv2][status] GET https://serviceusage.googleapis.com/v1/projects/ai-postcare/services/firebaseio.com 403
[debug] [2025-10-24T08:37:01.591Z] <<< [apiv2][body] GET https://serviceusage.googleapis.com/v1/projects/ai-postcare/services/firebaseio.com [omitted]
[debug] [2025-10-24T08:37:01.705Z] <<< [apiv2][status] GET https://serviceusage.googleapis.com/v1/projects/ai-postcare/services/firebasedataconnect.googleapis.com 200
[debug] [2025-10-24T08:37:01.706Z] <<< [apiv2][body] GET https://serviceusage.googleapis.com/v1/projects/ai-postcare/services/firebasedataconnect.googleapis.com [omitted]
[error] Failed to fetch Firebase Project from Studio Workspace because WORKSPACE_SLUG environment variable is empty
[error] Failed to fetch Firebase Project from Studio Workspace because WORKSPACE_SLUG environment variable is empty
[error] Failed to fetch Firebase Project from Studio Workspace because WORKSPACE_SLUG environment variable is empty
[debug] [2025-10-24T08:37:01.733Z] > command requires scopes: ["email","openid","https://www.googleapis.com/auth/cloudplatformprojects.readonly","https://www.googleapis.com/auth/firebase","https://www.googleapis.com/auth/cloud-platform","https://www.googleapis.com/auth/userinfo.email"]
[debug] [2025-10-24T08:37:01.734Z] > authorizing via signed-in user (jerezcode.es@gmail.com)
[error] Failed to fetch Firebase Project from Studio Workspace because WORKSPACE_SLUG environment variable is empty
[debug] [2025-10-24T08:37:01.739Z] > command requires scopes: ["email","openid","https://www.googleapis.com/auth/cloudplatformprojects.readonly","https://www.googleapis.com/auth/firebase","https://www.googleapis.com/auth/cloud-platform","https://www.googleapis.com/auth/userinfo.email"]
[debug] [2025-10-24T08:37:01.739Z] > authorizing via signed-in user (jerezcode.es@gmail.com)
[debug] [2025-10-24T08:37:01.754Z] <<< [apiv2][status] GET https://serviceusage.googleapis.com/v1/projects/ai-postcare/services/firebaseio.com 403
[debug] [2025-10-24T08:37:01.754Z] <<< [apiv2][body] GET https://serviceusage.googleapis.com/v1/projects/ai-postcare/services/firebaseio.com [omitted]
[debug] [2025-10-24T08:37:01.800Z] <<< [apiv2][status] GET https://serviceusage.googleapis.com/v1/projects/ai-postcare/services/firebaseapphosting.googleapis.com 200
[debug] [2025-10-24T08:37:01.803Z] <<< [apiv2][body] GET https://serviceusage.googleapis.com/v1/projects/ai-postcare/services/firebaseapphosting.googleapis.com [omitted]
[debug] [2025-10-24T08:37:01.839Z] <<< [apiv2][status] GET https://serviceusage.googleapis.com/v1/projects/ai-postcare/services/firebasedataconnect.googleapis.com 200
[debug] [2025-10-24T08:37:01.842Z] <<< [apiv2][body] GET https://serviceusage.googleapis.com/v1/projects/ai-postcare/services/firebasedataconnect.googleapis.com [omitted]
[error] Failed to fetch Firebase Project from Studio Workspace because WORKSPACE_SLUG environment variable is empty
[error] Failed to fetch Firebase Project from Studio Workspace because WORKSPACE_SLUG environment variable is empty
[error] Failed to fetch Firebase Project from Studio Workspace because WORKSPACE_SLUG environment variable is empty
[debug] [2025-10-24T08:37:03.748Z] > command requires scopes: ["email","openid","https://www.googleapis.com/auth/cloudplatformprojects.readonly","https://www.googleapis.com/auth/firebase","https://www.googleapis.com/auth/cloud-platform","https://www.googleapis.com/auth/userinfo.email"]
[debug] [2025-10-24T08:37:03.749Z] > authorizing via signed-in user (jerezcode.es@gmail.com)
[error] Failed to fetch Firebase Project from Studio Workspace because WORKSPACE_SLUG environment variable is empty
[debug] [2025-10-24T08:37:03.754Z] > command requires scopes: ["email","openid","https://www.googleapis.com/auth/cloudplatformprojects.readonly","https://www.googleapis.com/auth/firebase","https://www.googleapis.com/auth/cloud-platform","https://www.googleapis.com/auth/userinfo.email"]
[debug] [2025-10-24T08:37:03.754Z] > authorizing via signed-in user (jerezcode.es@gmail.com)
[error] Failed to fetch Firebase Project from Studio Workspace because WORKSPACE_SLUG environment variable is empty
[error] Failed to fetch Firebase Project from Studio Workspace because WORKSPACE_SLUG environment variable is empty
[error] Failed to fetch Firebase Project from Studio Workspace because WORKSPACE_SLUG environment variable is empty
[error] Failed to fetch Firebase Project from Studio Workspace because WORKSPACE_SLUG environment variable is empty
[debug] [2025-10-24T08:43:33.253Z] > command requires scopes: ["email","openid","https://www.googleapis.com/auth/cloudplatformprojects.readonly","https://www.googleapis.com/auth/firebase","https://www.googleapis.com/auth/cloud-platform","https://www.googleapis.com/auth/userinfo.email"]
[debug] [2025-10-24T08:43:33.261Z] > authorizing via signed-in user (jerezcode.es@gmail.com)
[debug] [2025-10-24T08:43:33.280Z] Checked if tokens are valid: true, expires at: 1761298620059
[debug] [2025-10-24T08:43:33.280Z] Checked if tokens are valid: true, expires at: 1761298620059
[debug] [2025-10-24T08:43:33.298Z] Checked if tokens are valid: true, expires at: 1761298620059
[debug] [2025-10-24T08:43:33.299Z] Checked if tokens are valid: true, expires at: 1761298620059
[debug] [2025-10-24T08:43:33.300Z] Checked if tokens are valid: true, expires at: 1761298620059
[debug] [2025-10-24T08:43:33.301Z] Checked if tokens are valid: true, expires at: 1761298620059
[debug] [2025-10-24T08:43:33.302Z] > command requires scopes: ["email","openid","https://www.googleapis.com/auth/cloudplatformprojects.readonly","https://www.googleapis.com/auth/firebase","https://www.googleapis.com/auth/cloud-platform","https://www.googleapis.com/auth/userinfo.email"]
[debug] [2025-10-24T08:43:33.303Z] > authorizing via signed-in user (jerezcode.es@gmail.com)
[debug] [2025-10-24T08:43:33.307Z] >>> [apiv2][query] GET https://serviceusage.googleapis.com/v1/projects/ai-postcare/services/firebasedataconnect.googleapis.com [none]
[debug] [2025-10-24T08:43:33.307Z] >>> [apiv2][(partial)header] GET https://serviceusage.googleapis.com/v1/projects/ai-postcare/services/firebasedataconnect.googleapis.com x-goog-quota-user=projects/ai-postcare
[debug] [2025-10-24T08:43:33.312Z] >>> [apiv2][query] GET https://serviceusage.googleapis.com/v1/projects/ai-postcare/services/firebaseapphosting.googleapis.com [none]
[debug] [2025-10-24T08:43:33.313Z] >>> [apiv2][(partial)header] GET https://serviceusage.googleapis.com/v1/projects/ai-postcare/services/firebaseapphosting.googleapis.com x-goog-quota-user=projects/ai-postcare
[debug] [2025-10-24T08:43:33.317Z] >>> [apiv2][query] GET https://serviceusage.googleapis.com/v1/projects/ai-postcare/services/firebaseio.com [none]
[debug] [2025-10-24T08:43:33.318Z] >>> [apiv2][(partial)header] GET https://serviceusage.googleapis.com/v1/projects/ai-postcare/services/firebaseio.com x-goog-quota-user=projects/ai-postcare
[debug] [2025-10-24T08:43:33.323Z] Checked if tokens are valid: true, expires at: 1761298620059
[debug] [2025-10-24T08:43:33.323Z] Checked if tokens are valid: true, expires at: 1761298620059
[debug] [2025-10-24T08:43:33.328Z] Checked if tokens are valid: true, expires at: 1761298620059
[debug] [2025-10-24T08:43:33.328Z] Checked if tokens are valid: true, expires at: 1761298620059
[debug] [2025-10-24T08:43:33.329Z] Checked if tokens are valid: true, expires at: 1761298620059
[debug] [2025-10-24T08:43:33.329Z] Checked if tokens are valid: true, expires at: 1761298620059
[debug] [2025-10-24T08:43:33.330Z] >>> [apiv2][query] GET https://serviceusage.googleapis.com/v1/projects/ai-postcare/services/firebasedataconnect.googleapis.com [none]
[debug] [2025-10-24T08:43:33.330Z] >>> [apiv2][(partial)header] GET https://serviceusage.googleapis.com/v1/projects/ai-postcare/services/firebasedataconnect.googleapis.com x-goog-quota-user=projects/ai-postcare
[debug] [2025-10-24T08:43:33.333Z] >>> [apiv2][query] GET https://serviceusage.googleapis.com/v1/projects/ai-postcare/services/firebaseapphosting.googleapis.com [none]
[debug] [2025-10-24T08:43:33.333Z] >>> [apiv2][(partial)header] GET https://serviceusage.googleapis.com/v1/projects/ai-postcare/services/firebaseapphosting.googleapis.com x-goog-quota-user=projects/ai-postcare
[debug] [2025-10-24T08:43:33.337Z] >>> [apiv2][query] GET https://serviceusage.googleapis.com/v1/projects/ai-postcare/services/firebaseio.com [none]
[debug] [2025-10-24T08:43:33.337Z] >>> [apiv2][(partial)header] GET https://serviceusage.googleapis.com/v1/projects/ai-postcare/services/firebaseio.com x-goog-quota-user=projects/ai-postcare
[debug] [2025-10-24T08:43:34.089Z] <<< [apiv2][status] GET https://serviceusage.googleapis.com/v1/projects/ai-postcare/services/firebaseio.com 403
[debug] [2025-10-24T08:43:34.092Z] <<< [apiv2][body] GET https://serviceusage.googleapis.com/v1/projects/ai-postcare/services/firebaseio.com [omitted]
[debug] [2025-10-24T08:43:34.125Z] <<< [apiv2][status] GET https://serviceusage.googleapis.com/v1/projects/ai-postcare/services/firebaseio.com 403
[debug] [2025-10-24T08:43:34.125Z] <<< [apiv2][body] GET https://serviceusage.googleapis.com/v1/projects/ai-postcare/services/firebaseio.com [omitted]
[debug] [2025-10-24T08:43:34.238Z] <<< [apiv2][status] GET https://serviceusage.googleapis.com/v1/projects/ai-postcare/services/firebasedataconnect.googleapis.com 200
[debug] [2025-10-24T08:43:34.243Z] <<< [apiv2][body] GET https://serviceusage.googleapis.com/v1/projects/ai-postcare/services/firebasedataconnect.googleapis.com [omitted]
[debug] [2025-10-24T08:43:34.244Z] <<< [apiv2][status] GET https://serviceusage.googleapis.com/v1/projects/ai-postcare/services/firebaseapphosting.googleapis.com 200
[debug] [2025-10-24T08:43:34.260Z] <<< [apiv2][body] GET https://serviceusage.googleapis.com/v1/projects/ai-postcare/services/firebaseapphosting.googleapis.com [omitted]
[debug] [2025-10-24T08:43:34.291Z] <<< [apiv2][status] GET https://serviceusage.googleapis.com/v1/projects/ai-postcare/services/firebaseapphosting.googleapis.com 200
[debug] [2025-10-24T08:43:34.292Z] <<< [apiv2][body] GET https://serviceusage.googleapis.com/v1/projects/ai-postcare/services/firebaseapphosting.googleapis.com [omitted]
[debug] [2025-10-24T08:43:34.307Z] <<< [apiv2][status] GET https://serviceusage.googleapis.com/v1/projects/ai-postcare/services/firebasedataconnect.googleapis.com 200
[debug] [2025-10-24T08:43:34.308Z] <<< [apiv2][body] GET https://serviceusage.googleapis.com/v1/projects/ai-postcare/services/firebasedataconnect.googleapis.com [omitted]
[error] Failed to fetch Firebase Project from Studio Workspace because WORKSPACE_SLUG environment variable is empty
[error] Failed to fetch Firebase Project from Studio Workspace because WORKSPACE_SLUG environment variable is empty
[error] Failed to fetch Firebase Project from Studio Workspace because WORKSPACE_SLUG environment variable is empty
[debug] [2025-10-24T08:43:34.346Z] > command requires scopes: ["email","openid","https://www.googleapis.com/auth/cloudplatformprojects.readonly","https://www.googleapis.com/auth/firebase","https://www.googleapis.com/auth/cloud-platform","https://www.googleapis.com/auth/userinfo.email"]
[debug] [2025-10-24T08:43:34.346Z] > authorizing via signed-in user (jerezcode.es@gmail.com)
[error] Failed to fetch Firebase Project from Studio Workspace because WORKSPACE_SLUG environment variable is empty
[debug] [2025-10-24T08:43:34.352Z] > command requires scopes: ["email","openid","https://www.googleapis.com/auth/cloudplatformprojects.readonly","https://www.googleapis.com/auth/firebase","https://www.googleapis.com/auth/cloud-platform","https://www.googleapis.com/auth/userinfo.email"]
[debug] [2025-10-24T08:43:34.353Z] > authorizing via signed-in user (jerezcode.es@gmail.com)
[error] Failed to fetch Firebase Project from Studio Workspace because WORKSPACE_SLUG environment variable is empty
[error] Failed to fetch Firebase Project from Studio Workspace because WORKSPACE_SLUG environment variable is empty
[error] Failed to fetch Firebase Project from Studio Workspace because WORKSPACE_SLUG environment variable is empty
[error] Failed to fetch Firebase Project from Studio Workspace because WORKSPACE_SLUG environment variable is empty
[debug] [2025-10-24T08:43:34.502Z] > command requires scopes: ["email","openid","https://www.googleapis.com/auth/cloudplatformprojects.readonly","https://www.googleapis.com/auth/firebase","https://www.googleapis.com/auth/cloud-platform","https://www.googleapis.com/auth/userinfo.email"]
[debug] [2025-10-24T08:43:34.502Z] > authorizing via signed-in user (jerezcode.es@gmail.com)
[error] Failed to fetch Firebase Project from Studio Workspace because WORKSPACE_SLUG environment variable is empty
[debug] [2025-10-24T08:43:34.508Z] > command requires scopes: ["email","openid","https://www.googleapis.com/auth/cloudplatformprojects.readonly","https://www.googleapis.com/auth/firebase","https://www.googleapis.com/auth/cloud-platform","https://www.googleapis.com/auth/userinfo.email"]
[debug] [2025-10-24T08:43:34.511Z] > authorizing via signed-in user (jerezcode.es@gmail.com)
[error] Failed to fetch Firebase Project from Studio Workspace because WORKSPACE_SLUG environment variable is empty
[error] Failed to fetch Firebase Project from Studio Workspace because WORKSPACE_SLUG environment variable is empty
[debug] [2025-10-24T08:43:34.576Z] > command requires scopes: ["email","openid","https://www.googleapis.com/auth/cloudplatformprojects.readonly","https://www.googleapis.com/auth/firebase","https://www.googleapis.com/auth/cloud-platform","https://www.googleapis.com/auth/userinfo.email"]
[debug] [2025-10-24T08:43:34.576Z] > authorizing via signed-in user (jerezcode.es@gmail.com)
[error] Failed to fetch Firebase Project from Studio Workspace because WORKSPACE_SLUG environment variable is empty
[debug] [2025-10-24T08:43:34.587Z] > command requires scopes: ["email","openid","https://www.googleapis.com/auth/cloudplatformprojects.readonly","https://www.googleapis.com/auth/firebase","https://www.googleapis.com/auth/cloud-platform","https://www.googleapis.com/auth/userinfo.email"]
[debug] [2025-10-24T08:43:34.588Z] > authorizing via signed-in user (jerezcode.es@gmail.com)
[error] Failed to fetch Firebase Project from Studio Workspace because WORKSPACE_SLUG environment variable is empty
[error] Failed to fetch Firebase Project from Studio Workspace because WORKSPACE_SLUG environment variable is empty
[debug] [2025-10-24T09:55:40.437Z] > command requires scopes: ["email","openid","https://www.googleapis.com/auth/cloudplatformprojects.readonly","https://www.googleapis.com/auth/firebase","https://www.googleapis.com/auth/cloud-platform","https://www.googleapis.com/auth/userinfo.email"]
[debug] [2025-10-24T09:55:40.441Z] > authorizing via signed-in user (jerezcode.es@gmail.com)
[debug] [2025-10-24T09:55:40.463Z] Checked if tokens are valid: false, expires at: 1761298620059
[debug] [2025-10-24T09:55:40.466Z] Checked if tokens are valid: false, expires at: 1761298620059
[debug] [2025-10-24T09:55:40.466Z] > refreshing access token with scopes: []
[debug] [2025-10-24T09:55:40.478Z] >>> [apiv2][query] POST https://www.googleapis.com/oauth2/v3/token [none]
[debug] [2025-10-24T09:55:40.479Z] >>> [apiv2][body] POST https://www.googleapis.com/oauth2/v3/token [omitted]
[debug] [2025-10-24T09:55:40.545Z] Checked if tokens are valid: false, expires at: 1761298620059
[debug] [2025-10-24T09:55:40.548Z] Checked if tokens are valid: false, expires at: 1761298620059
[debug] [2025-10-24T09:55:40.549Z] > refreshing access token with scopes: []
[debug] [2025-10-24T09:55:40.549Z] >>> [apiv2][query] POST https://www.googleapis.com/oauth2/v3/token [none]
[debug] [2025-10-24T09:55:40.552Z] >>> [apiv2][body] POST https://www.googleapis.com/oauth2/v3/token [omitted]
[debug] [2025-10-24T09:55:40.558Z] Checked if tokens are valid: false, expires at: 1761298620059
[debug] [2025-10-24T09:55:40.558Z] Checked if tokens are valid: false, expires at: 1761298620059
[debug] [2025-10-24T09:55:40.559Z] > refreshing access token with scopes: []
[debug] [2025-10-24T09:55:40.560Z] >>> [apiv2][query] POST https://www.googleapis.com/oauth2/v3/token [none]
[debug] [2025-10-24T09:55:40.560Z] >>> [apiv2][body] POST https://www.googleapis.com/oauth2/v3/token [omitted]
[error] Failed to fetch Firebase Project from Studio Workspace because WORKSPACE_SLUG environment variable is empty
[error] Failed to fetch Firebase Project from Studio Workspace because WORKSPACE_SLUG environment variable is empty
[debug] [2025-10-24T09:55:40.575Z] > command requires scopes: ["email","openid","https://www.googleapis.com/auth/cloudplatformprojects.readonly","https://www.googleapis.com/auth/firebase","https://www.googleapis.com/auth/cloud-platform","https://www.googleapis.com/auth/userinfo.email"]
[debug] [2025-10-24T09:55:40.575Z] > authorizing via signed-in user (jerezcode.es@gmail.com)
[debug] [2025-10-24T09:55:40.579Z] Checked if tokens are valid: false, expires at: 1761298620059
[debug] [2025-10-24T09:55:40.579Z] Checked if tokens are valid: false, expires at: 1761298620059
[debug] [2025-10-24T09:55:40.580Z] > refreshing access token with scopes: []
[debug] [2025-10-24T09:55:40.583Z] >>> [apiv2][query] POST https://www.googleapis.com/oauth2/v3/token [none]
[debug] [2025-10-24T09:55:40.583Z] >>> [apiv2][body] POST https://www.googleapis.com/oauth2/v3/token [omitted]
[debug] [2025-10-24T09:55:40.591Z] Checked if tokens are valid: false, expires at: 1761298620059
[debug] [2025-10-24T09:55:40.591Z] Checked if tokens are valid: false, expires at: 1761298620059
[debug] [2025-10-24T09:55:40.591Z] > refreshing access token with scopes: []
[debug] [2025-10-24T09:55:40.593Z] >>> [apiv2][query] POST https://www.googleapis.com/oauth2/v3/token [none]
[debug] [2025-10-24T09:55:40.593Z] >>> [apiv2][body] POST https://www.googleapis.com/oauth2/v3/token [omitted]
[debug] [2025-10-24T09:55:40.599Z] Checked if tokens are valid: false, expires at: 1761298620059
[debug] [2025-10-24T09:55:40.600Z] Checked if tokens are valid: false, expires at: 1761298620059
[debug] [2025-10-24T09:55:40.600Z] > refreshing access token with scopes: []
[debug] [2025-10-24T09:55:40.601Z] >>> [apiv2][query] POST https://www.googleapis.com/oauth2/v3/token [none]
[debug] [2025-10-24T09:55:40.601Z] >>> [apiv2][body] POST https://www.googleapis.com/oauth2/v3/token [omitted]
[debug] [2025-10-24T09:55:40.828Z] <<< [apiv2][status] POST https://www.googleapis.com/oauth2/v3/token 200
[debug] [2025-10-24T09:55:40.828Z] <<< [apiv2][body] POST https://www.googleapis.com/oauth2/v3/token [omitted]
[debug] [2025-10-24T09:55:40.852Z] >>> [apiv2][query] GET https://serviceusage.googleapis.com/v1/projects/ai-postcare/services/firebaseapphosting.googleapis.com [none]
[debug] [2025-10-24T09:55:40.852Z] >>> [apiv2][(partial)header] GET https://serviceusage.googleapis.com/v1/projects/ai-postcare/services/firebaseapphosting.googleapis.com x-goog-quota-user=projects/ai-postcare
[debug] [2025-10-24T09:55:40.915Z] <<< [apiv2][status] POST https://www.googleapis.com/oauth2/v3/token 200
[debug] [2025-10-24T09:55:40.915Z] <<< [apiv2][body] POST https://www.googleapis.com/oauth2/v3/token [omitted]
[debug] [2025-10-24T09:55:40.939Z] >>> [apiv2][query] GET https://serviceusage.googleapis.com/v1/projects/ai-postcare/services/firebasedataconnect.googleapis.com [none]
[debug] [2025-10-24T09:55:40.939Z] >>> [apiv2][(partial)header] GET https://serviceusage.googleapis.com/v1/projects/ai-postcare/services/firebasedataconnect.googleapis.com x-goog-quota-user=projects/ai-postcare
[debug] [2025-10-24T09:55:40.972Z] <<< [apiv2][status] POST https://www.googleapis.com/oauth2/v3/token 200
[debug] [2025-10-24T09:55:40.972Z] <<< [apiv2][body] POST https://www.googleapis.com/oauth2/v3/token [omitted]
[debug] [2025-10-24T09:55:40.991Z] >>> [apiv2][query] GET https://serviceusage.googleapis.com/v1/projects/ai-postcare/services/firebaseio.com [none]
[debug] [2025-10-24T09:55:40.992Z] >>> [apiv2][(partial)header] GET https://serviceusage.googleapis.com/v1/projects/ai-postcare/services/firebaseio.com x-goog-quota-user=projects/ai-postcare
[debug] [2025-10-24T09:55:41.111Z] <<< [apiv2][status] POST https://www.googleapis.com/oauth2/v3/token 200
[debug] [2025-10-24T09:55:41.112Z] <<< [apiv2][body] POST https://www.googleapis.com/oauth2/v3/token [omitted]
[debug] [2025-10-24T09:55:41.131Z] >>> [apiv2][query] GET https://serviceusage.googleapis.com/v1/projects/ai-postcare/services/firebasedataconnect.googleapis.com [none]
[debug] [2025-10-24T09:55:41.131Z] >>> [apiv2][(partial)header] GET https://serviceusage.googleapis.com/v1/projects/ai-postcare/services/firebasedataconnect.googleapis.com x-goog-quota-user=projects/ai-postcare
[debug] [2025-10-24T09:55:41.135Z] <<< [apiv2][status] POST https://www.googleapis.com/oauth2/v3/token 200
[debug] [2025-10-24T09:55:41.136Z] <<< [apiv2][body] POST https://www.googleapis.com/oauth2/v3/token [omitted]
[debug] [2025-10-24T09:55:41.149Z] >>> [apiv2][query] GET https://serviceusage.googleapis.com/v1/projects/ai-postcare/services/firebaseio.com [none]
[debug] [2025-10-24T09:55:41.150Z] >>> [apiv2][(partial)header] GET https://serviceusage.googleapis.com/v1/projects/ai-postcare/services/firebaseio.com x-goog-quota-user=projects/ai-postcare
[debug] [2025-10-24T09:55:41.155Z] <<< [apiv2][status] POST https://www.googleapis.com/oauth2/v3/token 200
[debug] [2025-10-24T09:55:41.156Z] <<< [apiv2][body] POST https://www.googleapis.com/oauth2/v3/token [omitted]
[debug] [2025-10-24T09:55:41.174Z] >>> [apiv2][query] GET https://serviceusage.googleapis.com/v1/projects/ai-postcare/services/firebaseapphosting.googleapis.com [none]
[debug] [2025-10-24T09:55:41.174Z] >>> [apiv2][(partial)header] GET https://serviceusage.googleapis.com/v1/projects/ai-postcare/services/firebaseapphosting.googleapis.com x-goog-quota-user=projects/ai-postcare
[debug] [2025-10-24T09:55:41.674Z] <<< [apiv2][status] GET https://serviceusage.googleapis.com/v1/projects/ai-postcare/services/firebaseio.com 403
[debug] [2025-10-24T09:55:41.674Z] <<< [apiv2][body] GET https://serviceusage.googleapis.com/v1/projects/ai-postcare/services/firebaseio.com [omitted]
[debug] [2025-10-24T09:55:41.711Z] <<< [apiv2][status] GET https://serviceusage.googleapis.com/v1/projects/ai-postcare/services/firebaseapphosting.googleapis.com 200
[debug] [2025-10-24T09:55:41.711Z] <<< [apiv2][body] GET https://serviceusage.googleapis.com/v1/projects/ai-postcare/services/firebaseapphosting.googleapis.com [omitted]
[debug] [2025-10-24T09:55:41.835Z] <<< [apiv2][status] GET https://serviceusage.googleapis.com/v1/projects/ai-postcare/services/firebasedataconnect.googleapis.com 200
[debug] [2025-10-24T09:55:41.835Z] <<< [apiv2][body] GET https://serviceusage.googleapis.com/v1/projects/ai-postcare/services/firebasedataconnect.googleapis.com [omitted]
[debug] [2025-10-24T09:55:41.876Z] <<< [apiv2][status] GET https://serviceusage.googleapis.com/v1/projects/ai-postcare/services/firebaseio.com 403
[debug] [2025-10-24T09:55:41.877Z] <<< [apiv2][body] GET https://serviceusage.googleapis.com/v1/projects/ai-postcare/services/firebaseio.com [omitted]
[debug] [2025-10-24T09:55:42.193Z] <<< [apiv2][status] GET https://serviceusage.googleapis.com/v1/projects/ai-postcare/services/firebaseapphosting.googleapis.com 200
[debug] [2025-10-24T09:55:42.194Z] <<< [apiv2][body] GET https://serviceusage.googleapis.com/v1/projects/ai-postcare/services/firebaseapphosting.googleapis.com [omitted]
[error] Failed to fetch Firebase Project from Studio Workspace because WORKSPACE_SLUG environment variable is empty
[error] Failed to fetch Firebase Project from Studio Workspace because WORKSPACE_SLUG environment variable is empty
[error] Failed to fetch Firebase Project from Studio Workspace because WORKSPACE_SLUG environment variable is empty
[debug] [2025-10-24T09:55:42.245Z] > command requires scopes: ["email","openid","https://www.googleapis.com/auth/cloudplatformprojects.readonly","https://www.googleapis.com/auth/firebase","https://www.googleapis.com/auth/cloud-platform","https://www.googleapis.com/auth/userinfo.email"]
[debug] [2025-10-24T09:55:42.248Z] > authorizing via signed-in user (jerezcode.es@gmail.com)
[error] Failed to fetch Firebase Project from Studio Workspace because WORKSPACE_SLUG environment variable is empty
[debug] [2025-10-24T09:55:42.259Z] > command requires scopes: ["email","openid","https://www.googleapis.com/auth/cloudplatformprojects.readonly","https://www.googleapis.com/auth/firebase","https://www.googleapis.com/auth/cloud-platform","https://www.googleapis.com/auth/userinfo.email"]
[debug] [2025-10-24T09:55:42.259Z] > authorizing via signed-in user (jerezcode.es@gmail.com)
[debug] [2025-10-24T09:55:42.266Z] <<< [apiv2][status] GET https://serviceusage.googleapis.com/v1/projects/ai-postcare/services/firebasedataconnect.googleapis.com 200
[debug] [2025-10-24T09:55:42.267Z] <<< [apiv2][body] GET https://serviceusage.googleapis.com/v1/projects/ai-postcare/services/firebasedataconnect.googleapis.com [omitted]
[error] Failed to fetch Firebase Project from Studio Workspace because WORKSPACE_SLUG environment variable is empty
[error] Failed to fetch Firebase Project from Studio Workspace because WORKSPACE_SLUG environment variable is empty
[error] Failed to fetch Firebase Project from Studio Workspace because WORKSPACE_SLUG environment variable is empty
[error] Failed to fetch Firebase Project from Studio Workspace because WORKSPACE_SLUG environment variable is empty
[debug] [2025-10-24T09:55:42.361Z] > command requires scopes: ["email","openid","https://www.googleapis.com/auth/cloudplatformprojects.readonly","https://www.googleapis.com/auth/firebase","https://www.googleapis.com/auth/cloud-platform","https://www.googleapis.com/auth/userinfo.email"]
[debug] [2025-10-24T09:55:42.361Z] > authorizing via signed-in user (jerezcode.es@gmail.com)
[error] Failed to fetch Firebase Project from Studio Workspace because WORKSPACE_SLUG environment variable is empty
[debug] [2025-10-24T09:55:42.371Z] > command requires scopes: ["email","openid","https://www.googleapis.com/auth/cloudplatformprojects.readonly","https://www.googleapis.com/auth/firebase","https://www.googleapis.com/auth/cloud-platform","https://www.googleapis.com/auth/userinfo.email"]
[debug] [2025-10-24T09:55:42.373Z] > authorizing via signed-in user (jerezcode.es@gmail.com)
[error] Failed to fetch Firebase Project from Studio Workspace because WORKSPACE_SLUG environment variable is empty
[error] Failed to fetch Firebase Project from Studio Workspace because WORKSPACE_SLUG environment variable is empty
[debug] [2025-10-24T09:55:42.470Z] > command requires scopes: ["email","openid","https://www.googleapis.com/auth/cloudplatformprojects.readonly","https://www.googleapis.com/auth/firebase","https://www.googleapis.com/auth/cloud-platform","https://www.googleapis.com/auth/userinfo.email"]
[debug] [2025-10-24T09:55:42.473Z] > authorizing via signed-in user (jerezcode.es@gmail.com)
[error] Failed to fetch Firebase Project from Studio Workspace because WORKSPACE_SLUG environment variable is empty
[debug] [2025-10-24T09:55:42.483Z] > command requires scopes: ["email","openid","https://www.googleapis.com/auth/cloudplatformprojects.readonly","https://www.googleapis.com/auth/firebase","https://www.googleapis.com/auth/cloud-platform","https://www.googleapis.com/auth/userinfo.email"]
[debug] [2025-10-24T09:55:42.487Z] > authorizing via signed-in user (jerezcode.es@gmail.com)
